<?xml version="1.0" encoding="UTF-8"?>
<testsuite xmlns:xsi="http://www.w3.org/2001/XMLSchema-instance" xsi:noNamespaceSchemaLocation="https://maven.apache.org/surefire/maven-surefire-plugin/xsd/surefire-test-report.xsd" name="com.illusion.spring.feignclient.AppTest" time="0.031" tests="1" errors="0" skipped="0" failures="0">
  <properties>
    <property name="gopherProxySet" value="false"/>
    <property name="awt.toolkit" value="sun.lwawt.macosx.LWCToolkit"/>
    <property name="socksProxyHost" value="127.0.0.1"/>
    <property name="http.proxyHost" value="127.0.0.1"/>
    <property name="java.specification.version" value="1.8"/>
    <property name="file.encoding.pkg" value="sun.io"/>
    <property name="sun.cpu.isalist" value=""/>
    <property name="sun.jnu.encoding" value="UTF-8"/>
    <property name="java.class.path" value="/Users/littleblack/DevelopFile/GitHub/illusion/feignclient/target/test-classes:/Users/littleblack/DevelopFile/GitHub/illusion/feignclient/target/classes:/Users/littleblack/DevelopTool/maven/repository/junit/junit/4.11/junit-4.11.jar:/Users/littleblack/DevelopTool/maven/repository/org/hamcrest/hamcrest-core/1.3/hamcrest-core-1.3.jar:/Users/littleblack/DevelopTool/maven/repository/org/springframework/cloud/spring-cloud-starter-openfeign/2.2.2.RELEASE/spring-cloud-starter-openfeign-2.2.2.RELEASE.jar:/Users/littleblack/DevelopTool/maven/repository/org/springframework/cloud/spring-cloud-starter/2.2.2.RELEASE/spring-cloud-starter-2.2.2.RELEASE.jar:/Users/littleblack/DevelopTool/maven/repository/org/springframework/boot/spring-boot-starter/2.2.5.RELEASE/spring-boot-starter-2.2.5.RELEASE.jar:/Users/littleblack/DevelopTool/maven/repository/org/springframework/boot/spring-boot/2.2.5.RELEASE/spring-boot-2.2.5.RELEASE.jar:/Users/littleblack/DevelopTool/maven/repository/org/springframework/spring-context/5.2.4.RELEASE/spring-context-5.2.4.RELEASE.jar:/Users/littleblack/DevelopTool/maven/repository/org/springframework/spring-expression/5.2.4.RELEASE/spring-expression-5.2.4.RELEASE.jar:/Users/littleblack/DevelopTool/maven/repository/org/springframework/boot/spring-boot-starter-logging/2.2.5.RELEASE/spring-boot-starter-logging-2.2.5.RELEASE.jar:/Users/littleblack/DevelopTool/maven/repository/ch/qos/logback/logback-classic/1.2.3/logback-classic-1.2.3.jar:/Users/littleblack/DevelopTool/maven/repository/ch/qos/logback/logback-core/1.2.3/logback-core-1.2.3.jar:/Users/littleblack/DevelopTool/maven/repository/org/apache/logging/log4j/log4j-to-slf4j/2.12.1/log4j-to-slf4j-2.12.1.jar:/Users/littleblack/DevelopTool/maven/repository/org/apache/logging/log4j/log4j-api/2.12.1/log4j-api-2.12.1.jar:/Users/littleblack/DevelopTool/maven/repository/org/slf4j/jul-to-slf4j/1.7.30/jul-to-slf4j-1.7.30.jar:/Users/littleblack/DevelopTool/maven/repository/jakarta/annotation/jakarta.annotation-api/1.3.5/jakarta.annotation-api-1.3.5.jar:/Users/littleblack/DevelopTool/maven/repository/org/yaml/snakeyaml/1.25/snakeyaml-1.25.jar:/Users/littleblack/DevelopTool/maven/repository/org/springframework/cloud/spring-cloud-context/2.2.2.RELEASE/spring-cloud-context-2.2.2.RELEASE.jar:/Users/littleblack/DevelopTool/maven/repository/org/springframework/security/spring-security-rsa/1.0.9.RELEASE/spring-security-rsa-1.0.9.RELEASE.jar:/Users/littleblack/DevelopTool/maven/repository/org/bouncycastle/bcpkix-jdk15on/1.64/bcpkix-jdk15on-1.64.jar:/Users/littleblack/DevelopTool/maven/repository/org/bouncycastle/bcprov-jdk15on/1.64/bcprov-jdk15on-1.64.jar:/Users/littleblack/DevelopTool/maven/repository/org/springframework/cloud/spring-cloud-openfeign-core/2.2.2.RELEASE/spring-cloud-openfeign-core-2.2.2.RELEASE.jar:/Users/littleblack/DevelopTool/maven/repository/org/springframework/boot/spring-boot-autoconfigure/2.2.5.RELEASE/spring-boot-autoconfigure-2.2.5.RELEASE.jar:/Users/littleblack/DevelopTool/maven/repository/org/springframework/cloud/spring-cloud-netflix-ribbon/2.2.2.RELEASE/spring-cloud-netflix-ribbon-2.2.2.RELEASE.jar:/Users/littleblack/DevelopTool/maven/repository/org/springframework/cloud/spring-cloud-netflix-archaius/2.2.2.RELEASE/spring-cloud-netflix-archaius-2.2.2.RELEASE.jar:/Users/littleblack/DevelopTool/maven/repository/org/springframework/boot/spring-boot-starter-aop/2.2.5.RELEASE/spring-boot-starter-aop-2.2.5.RELEASE.jar:/Users/littleblack/DevelopTool/maven/repository/org/springframework/spring-aop/5.2.4.RELEASE/spring-aop-5.2.4.RELEASE.jar:/Users/littleblack/DevelopTool/maven/repository/org/aspectj/aspectjweaver/1.9.5/aspectjweaver-1.9.5.jar:/Users/littleblack/DevelopTool/maven/repository/io/github/openfeign/form/feign-form-spring/3.8.0/feign-form-spring-3.8.0.jar:/Users/littleblack/DevelopTool/maven/repository/io/github/openfeign/form/feign-form/3.8.0/feign-form-3.8.0.jar:/Users/littleblack/DevelopTool/maven/repository/commons-fileupload/commons-fileupload/1.4/commons-fileupload-1.4.jar:/Users/littleblack/DevelopTool/maven/repository/commons-io/commons-io/2.2/commons-io-2.2.jar:/Users/littleblack/DevelopTool/maven/repository/org/springframework/spring-web/5.2.4.RELEASE/spring-web-5.2.4.RELEASE.jar:/Users/littleblack/DevelopTool/maven/repository/org/springframework/spring-beans/5.2.4.RELEASE/spring-beans-5.2.4.RELEASE.jar:/Users/littleblack/DevelopTool/maven/repository/org/springframework/spring-core/5.2.4.RELEASE/spring-core-5.2.4.RELEASE.jar:/Users/littleblack/DevelopTool/maven/repository/org/springframework/spring-jcl/5.2.4.RELEASE/spring-jcl-5.2.4.RELEASE.jar:/Users/littleblack/DevelopTool/maven/repository/org/springframework/cloud/spring-cloud-commons/2.2.2.RELEASE/spring-cloud-commons-2.2.2.RELEASE.jar:/Users/littleblack/DevelopTool/maven/repository/org/springframework/security/spring-security-crypto/5.2.2.RELEASE/spring-security-crypto-5.2.2.RELEASE.jar:/Users/littleblack/DevelopTool/maven/repository/io/github/openfeign/feign-core/10.7.4/feign-core-10.7.4.jar:/Users/littleblack/DevelopTool/maven/repository/io/github/openfeign/feign-slf4j/10.7.4/feign-slf4j-10.7.4.jar:/Users/littleblack/DevelopTool/maven/repository/org/slf4j/slf4j-api/1.7.13/slf4j-api-1.7.13.jar:/Users/littleblack/DevelopTool/maven/repository/io/github/openfeign/feign-hystrix/10.7.4/feign-hystrix-10.7.4.jar:/Users/littleblack/DevelopTool/maven/repository/com/netflix/archaius/archaius-core/0.7.6/archaius-core-0.7.6.jar:/Users/littleblack/DevelopTool/maven/repository/com/google/code/findbugs/jsr305/3.0.1/jsr305-3.0.1.jar:/Users/littleblack/DevelopTool/maven/repository/commons-configuration/commons-configuration/1.8/commons-configuration-1.8.jar:/Users/littleblack/DevelopTool/maven/repository/commons-lang/commons-lang/2.6/commons-lang-2.6.jar:/Users/littleblack/DevelopTool/maven/repository/commons-logging/commons-logging/1.1.1/commons-logging-1.1.1.jar:/Users/littleblack/DevelopTool/maven/repository/com/google/guava/guava/16.0/guava-16.0.jar:/Users/littleblack/DevelopTool/maven/repository/com/fasterxml/jackson/core/jackson-annotations/2.4.3/jackson-annotations-2.4.3.jar:/Users/littleblack/DevelopTool/maven/repository/com/fasterxml/jackson/core/jackson-core/2.4.3/jackson-core-2.4.3.jar:/Users/littleblack/DevelopTool/maven/repository/com/fasterxml/jackson/core/jackson-databind/2.4.3/jackson-databind-2.4.3.jar:/Users/littleblack/DevelopTool/maven/repository/com/netflix/hystrix/hystrix-core/1.5.18/hystrix-core-1.5.18.jar:/Users/littleblack/DevelopTool/maven/repository/io/reactivex/rxjava/1.2.0/rxjava-1.2.0.jar:/Users/littleblack/DevelopTool/maven/repository/org/hdrhistogram/HdrHistogram/2.1.9/HdrHistogram-2.1.9.jar:"/>
    <property name="https.proxyPort" value="7890"/>
    <property name="java.vm.vendor" value="Oracle Corporation"/>
    <property name="sun.arch.data.model" value="64"/>
    <property name="java.vendor.url" value="http://java.oracle.com/"/>
    <property name="user.timezone" value=""/>
    <property name="java.vm.specification.version" value="1.8"/>
    <property name="os.name" value="Mac OS X"/>
    <property name="user.country" value="CN"/>
    <property name="sun.java.launcher" value="SUN_STANDARD"/>
    <property name="sun.boot.library.path" value="/Library/Java/JavaVirtualMachines/jdk1.8.0_241.jdk/Contents/Home/jre/lib"/>
    <property name="sun.java.command" value="/Users/littleblack/DevelopFile/GitHub/illusion/feignclient/target/surefire/surefirebooter3937694078123284336.jar /Users/littleblack/DevelopFile/GitHub/illusion/feignclient/target/surefire 2020-05-16T22-52-14_368-jvmRun1 surefire3368391312800281481tmp surefire_05060514540973844774tmp"/>
    <property name="http.nonProxyHosts" value="192.168.0.0/16|*.192.168.0.0/16|10.0.0.0/8|*.10.0.0.0/8|172.16.0.0/12|*.172.16.0.0/12|127.0.0.1|localhost|*.localhost|local|*.local|timestamp.apple.com|*.timestamp.apple.com"/>
    <property name="surefire.test.class.path" value="/Users/littleblack/DevelopFile/GitHub/illusion/feignclient/target/test-classes:/Users/littleblack/DevelopFile/GitHub/illusion/feignclient/target/classes:/Users/littleblack/DevelopTool/maven/repository/junit/junit/4.11/junit-4.11.jar:/Users/littleblack/DevelopTool/maven/repository/org/hamcrest/hamcrest-core/1.3/hamcrest-core-1.3.jar:/Users/littleblack/DevelopTool/maven/repository/org/springframework/cloud/spring-cloud-starter-openfeign/2.2.2.RELEASE/spring-cloud-starter-openfeign-2.2.2.RELEASE.jar:/Users/littleblack/DevelopTool/maven/repository/org/springframework/cloud/spring-cloud-starter/2.2.2.RELEASE/spring-cloud-starter-2.2.2.RELEASE.jar:/Users/littleblack/DevelopTool/maven/repository/org/springframework/boot/spring-boot-starter/2.2.5.RELEASE/spring-boot-starter-2.2.5.RELEASE.jar:/Users/littleblack/DevelopTool/maven/repository/org/springframework/boot/spring-boot/2.2.5.RELEASE/spring-boot-2.2.5.RELEASE.jar:/Users/littleblack/DevelopTool/maven/repository/org/springframework/spring-context/5.2.4.RELEASE/spring-context-5.2.4.RELEASE.jar:/Users/littleblack/DevelopTool/maven/repository/org/springframework/spring-expression/5.2.4.RELEASE/spring-expression-5.2.4.RELEASE.jar:/Users/littleblack/DevelopTool/maven/repository/org/springframework/boot/spring-boot-starter-logging/2.2.5.RELEASE/spring-boot-starter-logging-2.2.5.RELEASE.jar:/Users/littleblack/DevelopTool/maven/repository/ch/qos/logback/logback-classic/1.2.3/logback-classic-1.2.3.jar:/Users/littleblack/DevelopTool/maven/repository/ch/qos/logback/logback-core/1.2.3/logback-core-1.2.3.jar:/Users/littleblack/DevelopTool/maven/repository/org/apache/logging/log4j/log4j-to-slf4j/2.12.1/log4j-to-slf4j-2.12.1.jar:/Users/littleblack/DevelopTool/maven/repository/org/apache/logging/log4j/log4j-api/2.12.1/log4j-api-2.12.1.jar:/Users/littleblack/DevelopTool/maven/repository/org/slf4j/jul-to-slf4j/1.7.30/jul-to-slf4j-1.7.30.jar:/Users/littleblack/DevelopTool/maven/repository/jakarta/annotation/jakarta.annotation-api/1.3.5/jakarta.annotation-api-1.3.5.jar:/Users/littleblack/DevelopTool/maven/repository/org/yaml/snakeyaml/1.25/snakeyaml-1.25.jar:/Users/littleblack/DevelopTool/maven/repository/org/springframework/cloud/spring-cloud-context/2.2.2.RELEASE/spring-cloud-context-2.2.2.RELEASE.jar:/Users/littleblack/DevelopTool/maven/repository/org/springframework/security/spring-security-rsa/1.0.9.RELEASE/spring-security-rsa-1.0.9.RELEASE.jar:/Users/littleblack/DevelopTool/maven/repository/org/bouncycastle/bcpkix-jdk15on/1.64/bcpkix-jdk15on-1.64.jar:/Users/littleblack/DevelopTool/maven/repository/org/bouncycastle/bcprov-jdk15on/1.64/bcprov-jdk15on-1.64.jar:/Users/littleblack/DevelopTool/maven/repository/org/springframework/cloud/spring-cloud-openfeign-core/2.2.2.RELEASE/spring-cloud-openfeign-core-2.2.2.RELEASE.jar:/Users/littleblack/DevelopTool/maven/repository/org/springframework/boot/spring-boot-autoconfigure/2.2.5.RELEASE/spring-boot-autoconfigure-2.2.5.RELEASE.jar:/Users/littleblack/DevelopTool/maven/repository/org/springframework/cloud/spring-cloud-netflix-ribbon/2.2.2.RELEASE/spring-cloud-netflix-ribbon-2.2.2.RELEASE.jar:/Users/littleblack/DevelopTool/maven/repository/org/springframework/cloud/spring-cloud-netflix-archaius/2.2.2.RELEASE/spring-cloud-netflix-archaius-2.2.2.RELEASE.jar:/Users/littleblack/DevelopTool/maven/repository/org/springframework/boot/spring-boot-starter-aop/2.2.5.RELEASE/spring-boot-starter-aop-2.2.5.RELEASE.jar:/Users/littleblack/DevelopTool/maven/repository/org/springframework/spring-aop/5.2.4.RELEASE/spring-aop-5.2.4.RELEASE.jar:/Users/littleblack/DevelopTool/maven/repository/org/aspectj/aspectjweaver/1.9.5/aspectjweaver-1.9.5.jar:/Users/littleblack/DevelopTool/maven/repository/io/github/openfeign/form/feign-form-spring/3.8.0/feign-form-spring-3.8.0.jar:/Users/littleblack/DevelopTool/maven/repository/io/github/openfeign/form/feign-form/3.8.0/feign-form-3.8.0.jar:/Users/littleblack/DevelopTool/maven/repository/commons-fileupload/commons-fileupload/1.4/commons-fileupload-1.4.jar:/Users/littleblack/DevelopTool/maven/repository/commons-io/commons-io/2.2/commons-io-2.2.jar:/Users/littleblack/DevelopTool/maven/repository/org/springframework/spring-web/5.2.4.RELEASE/spring-web-5.2.4.RELEASE.jar:/Users/littleblack/DevelopTool/maven/repository/org/springframework/spring-beans/5.2.4.RELEASE/spring-beans-5.2.4.RELEASE.jar:/Users/littleblack/DevelopTool/maven/repository/org/springframework/spring-core/5.2.4.RELEASE/spring-core-5.2.4.RELEASE.jar:/Users/littleblack/DevelopTool/maven/repository/org/springframework/spring-jcl/5.2.4.RELEASE/spring-jcl-5.2.4.RELEASE.jar:/Users/littleblack/DevelopTool/maven/repository/org/springframework/cloud/spring-cloud-commons/2.2.2.RELEASE/spring-cloud-commons-2.2.2.RELEASE.jar:/Users/littleblack/DevelopTool/maven/repository/org/springframework/security/spring-security-crypto/5.2.2.RELEASE/spring-security-crypto-5.2.2.RELEASE.jar:/Users/littleblack/DevelopTool/maven/repository/io/github/openfeign/feign-core/10.7.4/feign-core-10.7.4.jar:/Users/littleblack/DevelopTool/maven/repository/io/github/openfeign/feign-slf4j/10.7.4/feign-slf4j-10.7.4.jar:/Users/littleblack/DevelopTool/maven/repository/org/slf4j/slf4j-api/1.7.13/slf4j-api-1.7.13.jar:/Users/littleblack/DevelopTool/maven/repository/io/github/openfeign/feign-hystrix/10.7.4/feign-hystrix-10.7.4.jar:/Users/littleblack/DevelopTool/maven/repository/com/netflix/archaius/archaius-core/0.7.6/archaius-core-0.7.6.jar:/Users/littleblack/DevelopTool/maven/repository/com/google/code/findbugs/jsr305/3.0.1/jsr305-3.0.1.jar:/Users/littleblack/DevelopTool/maven/repository/commons-configuration/commons-configuration/1.8/commons-configuration-1.8.jar:/Users/littleblack/DevelopTool/maven/repository/commons-lang/commons-lang/2.6/commons-lang-2.6.jar:/Users/littleblack/DevelopTool/maven/repository/commons-logging/commons-logging/1.1.1/commons-logging-1.1.1.jar:/Users/littleblack/DevelopTool/maven/repository/com/google/guava/guava/16.0/guava-16.0.jar:/Users/littleblack/DevelopTool/maven/repository/com/fasterxml/jackson/core/jackson-annotations/2.4.3/jackson-annotations-2.4.3.jar:/Users/littleblack/DevelopTool/maven/repository/com/fasterxml/jackson/core/jackson-core/2.4.3/jackson-core-2.4.3.jar:/Users/littleblack/DevelopTool/maven/repository/com/fasterxml/jackson/core/jackson-databind/2.4.3/jackson-databind-2.4.3.jar:/Users/littleblack/DevelopTool/maven/repository/com/netflix/hystrix/hystrix-core/1.5.18/hystrix-core-1.5.18.jar:/Users/littleblack/DevelopTool/maven/repository/io/reactivex/rxjava/1.2.0/rxjava-1.2.0.jar:/Users/littleblack/DevelopTool/maven/repository/org/hdrhistogram/HdrHistogram/2.1.9/HdrHistogram-2.1.9.jar:"/>
    <property name="sun.cpu.endian" value="little"/>
    <property name="user.home" value="/Users/littleblack"/>
    <property name="user.language" value="zh"/>
    <property name="java.specification.vendor" value="Oracle Corporation"/>
    <property name="java.home" value="/Library/Java/JavaVirtualMachines/jdk1.8.0_241.jdk/Contents/Home/jre"/>
    <property name="basedir" value="/Users/littleblack/DevelopFile/GitHub/illusion/feignclient"/>
    <property name="https.proxyHost" value="127.0.0.1"/>
    <property name="file.separator" value="/"/>
    <property name="line.separator" value="&#10;"/>
    <property name="java.vm.specification.vendor" value="Oracle Corporation"/>
    <property name="java.specification.name" value="Java Platform API Specification"/>
    <property name="java.awt.graphicsenv" value="sun.awt.CGraphicsEnvironment"/>
    <property name="surefire.real.class.path" value="/Users/littleblack/DevelopFile/GitHub/illusion/feignclient/target/surefire/surefirebooter3937694078123284336.jar"/>
    <property name="sun.boot.class.path" value="/Library/Java/JavaVirtualMachines/jdk1.8.0_241.jdk/Contents/Home/jre/lib/resources.jar:/Library/Java/JavaVirtualMachines/jdk1.8.0_241.jdk/Contents/Home/jre/lib/rt.jar:/Library/Java/JavaVirtualMachines/jdk1.8.0_241.jdk/Contents/Home/jre/lib/sunrsasign.jar:/Library/Java/JavaVirtualMachines/jdk1.8.0_241.jdk/Contents/Home/jre/lib/jsse.jar:/Library/Java/JavaVirtualMachines/jdk1.8.0_241.jdk/Contents/Home/jre/lib/jce.jar:/Library/Java/JavaVirtualMachines/jdk1.8.0_241.jdk/Contents/Home/jre/lib/charsets.jar:/Library/Java/JavaVirtualMachines/jdk1.8.0_241.jdk/Contents/Home/jre/lib/jfr.jar:/Library/Java/JavaVirtualMachines/jdk1.8.0_241.jdk/Contents/Home/jre/classes"/>
    <property name="sun.management.compiler" value="HotSpot 64-Bit Tiered Compilers"/>
    <property name="ftp.nonProxyHosts" value="192.168.0.0/16|*.192.168.0.0/16|10.0.0.0/8|*.10.0.0.0/8|172.16.0.0/12|*.172.16.0.0/12|127.0.0.1|localhost|*.localhost|local|*.local|timestamp.apple.com|*.timestamp.apple.com"/>
    <property name="java.runtime.version" value="1.8.0_241-b07"/>
    <property name="user.name" value="littleblack"/>
    <property name="path.separator" value=":"/>
    <property name="os.version" value="10.15.4"/>
    <property name="java.endorsed.dirs" value="/Library/Java/JavaVirtualMachines/jdk1.8.0_241.jdk/Contents/Home/jre/lib/endorsed"/>
    <property name="java.runtime.name" value="Java(TM) SE Runtime Environment"/>
    <property name="file.encoding" value="UTF-8"/>
    <property name="java.vm.name" value="Java HotSpot(TM) 64-Bit Server VM"/>
    <property name="localRepository" value="/Users/littleblack/DevelopTool/maven/repository"/>
    <property name="java.vendor.url.bug" value="http://bugreport.sun.com/bugreport/"/>
    <property name="java.io.tmpdir" value="/var/folders/k1/hj_1m6614bx5mf58rz5m276w0000gn/T/"/>
    <property name="java.version" value="1.8.0_241"/>
    <property name="user.dir" value="/Users/littleblack/DevelopFile/GitHub/illusion/feignclient"/>
    <property name="os.arch" value="x86_64"/>
    <property name="socksProxyPort" value="7891"/>
    <property name="java.vm.specification.name" value="Java Virtual Machine Specification"/>
    <property name="java.awt.printerjob" value="sun.lwawt.macosx.CPrinterJob"/>
    <property name="sun.os.patch.level" value="unknown"/>
    <property name="java.library.path" value="/Users/littleblack/Library/Java/Extensions:/Library/Java/Extensions:/Network/Library/Java/Extensions:/System/Library/Java/Extensions:/usr/lib/java:."/>
    <property name="java.vm.info" value="mixed mode"/>
    <property name="java.vendor" value="Oracle Corporation"/>
    <property name="java.vm.version" value="25.241-b07"/>
    <property name="java.ext.dirs" value="/Users/littleblack/Library/Java/Extensions:/Library/Java/JavaVirtualMachines/jdk1.8.0_241.jdk/Contents/Home/jre/lib/ext:/Library/Java/Extensions:/Network/Library/Java/Extensions:/System/Library/Java/Extensions:/usr/lib/java"/>
    <property name="sun.io.unicode.encoding" value="UnicodeBig"/>
    <property name="java.class.version" value="52.0"/>
    <property name="socksNonProxyHosts" value="192.168.0.0/16|*.192.168.0.0/16|10.0.0.0/8|*.10.0.0.0/8|172.16.0.0/12|*.172.16.0.0/12|127.0.0.1|localhost|*.localhost|local|*.local|timestamp.apple.com|*.timestamp.apple.com"/>
    <property name="http.proxyPort" value="7890"/>
  </properties>
  <testcase name="shouldAnswerWithTrue" classname="com.illusion.spring.feignclient.AppTest" time="0.002"/>
</testsuite>